<?xml version="1.0" encoding="UTF-8"?>
<!-- Generated by org.testng.reporters.JUnitXMLReporter -->
<testsuite hostname="DESKTOP-SK32KMA" name="Default test(failed)" tests="2" failures="2" timestamp="21 Jun 2022 10:03:52 GMT" time="0.023" errors="0">
  <testcase name="tc3" time="0.01" classname="org.tng.TestClass">
    <failure type="java.lang.AssertionError" message="expected [true] but found [false]">
      <![CDATA[java.lang.AssertionError: expected [true] but found [false]
	at org.tng.TestClass.tc3(TestClass.java:20)
... Removed 28 stack frames]]>
    </failure>
  </testcase> <!-- tc3 -->
  <testcase name="tc2" time="0.0" classname="org.tng.TestClass">
    <failure type="java.lang.AssertionError" message="expected [false] but found [true]">
      <![CDATA[java.lang.AssertionError: expected [false] but found [true]
	at org.tng.TestClass.tc2(TestClass.java:15)
... Removed 28 stack frames]]>
    </failure>
  </testcase> <!-- tc2 -->
</testsuite> <!-- Default test(failed) -->
