<?xml version="1.0" encoding="UTF-8"?>
<testng-results skipped="0" failed="0" total="2" passed="2">
  <reporter-output>
  </reporter-output>
  <suite name="Suite" duration-ms="5959" started-at="2022-06-29T04:41:23Z" finished-at="2022-06-29T04:41:29Z">
    <groups>
    </groups>
    <test name="Test1" duration-ms="3785" started-at="2022-06-29T04:41:23Z" finished-at="2022-06-29T04:41:27Z">
      <class name="org.tng.CrossBrowser">
        <test-method status="PASS" signature="browserTest(java.lang.String)[pri:0, instance:org.tng.CrossBrowser@20e2cbe0]" name="browserTest" duration-ms="3752" started-at="2022-06-29T10:11:23Z" finished-at="2022-06-29T10:11:27Z">
          <params>
            <param index="0">
              <value>
                <![CDATA[chrome]]>
              </value>
            </param>
          </params>
          <reporter-output>
          </reporter-output>
        </test-method> <!-- browserTest -->
      </class> <!-- org.tng.CrossBrowser -->
    </test> <!-- Test1 -->
    <test name="Test2" duration-ms="5959" started-at="2022-06-29T04:41:23Z" finished-at="2022-06-29T04:41:29Z">
      <class name="org.tng.CrossBrowser">
        <test-method status="PASS" signature="browserTest(java.lang.String)[pri:0, instance:org.tng.CrossBrowser@46d56d67]" name="browserTest" duration-ms="5936" started-at="2022-06-29T10:11:23Z" finished-at="2022-06-29T10:11:29Z">
          <params>
            <param index="0">
              <value>
                <![CDATA[edge]]>
              </value>
            </param>
          </params>
          <reporter-output>
          </reporter-output>
        </test-method> <!-- browserTest -->
      </class> <!-- org.tng.CrossBrowser -->
    </test> <!-- Test2 -->
  </suite> <!-- Suite -->
</testng-results>
